This is pdfTeX, Version 3.1415926-1.40.10 (TeX Live 2009/Debian) (format=pdflatex 2013.5.9)  9 MAY 2013 21:36
entering extended mode
 %&-line parsing enabled.
**main.tex
(./main.tex
LaTeX2e <2009/09/24>
Babel <v3.8l> and hyphenation patterns for english, usenglishmax, dumylang, noh
yphenation, loaded.
(/usr/share/texmf-texlive/tex/latex/koma-script/scrartcl.cls
Document Class: scrartcl 2009/07/24 v3.04a KOMA-Script document class (article)

(/usr/share/texmf-texlive/tex/latex/koma-script/scrkbase.sty
Package: scrkbase 2009/07/24 v3.04a KOMA-Script package (KOMA-Script-dependent 
basics and keyval usage)

(/usr/share/texmf-texlive/tex/latex/koma-script/scrbase.sty
Package: scrbase 2009/07/24 v3.04a KOMA-Script package (KOMA-Script-independent
 basics and keyval usage)

(/usr/share/texmf-texlive/tex/latex/graphics/keyval.sty
Package: keyval 1999/03/16 v1.13 key=value parser (DPC)
\KV@toks@=\toks14
)
(/usr/share/texmf-texlive/tex/latex/koma-script/scrlfile.sty
Package: scrlfile 2009/03/25 v3.03 KOMA-Script package (loading files)

Package scrlfile, 2009/03/25 v3.03 KOMA-Script package (loading files)
                  Copyright (C) Markus Kohm

))) (/usr/share/texmf-texlive/tex/latex/koma-script/tocbasic.sty
Package: tocbasic 2009/06/08 v3.03b KOMA-Script package (handling toc-files)
)
Package tocbasic Info: omitting babel extension for `toc'
(tocbasic)             because of feature `nobabel' available
(tocbasic)             for `toc' on input line 115.
Package tocbasic Info: omitting babel extension for `lof'
(tocbasic)             because of feature `nobabel' available
(tocbasic)             for `lof' on input line 116.
Package tocbasic Info: omitting babel extension for `lot'
(tocbasic)             because of feature `nobabel' available
(tocbasic)             for `lot' on input line 117.


Class scrartcl Warning: Using fallback calculation to setup font sizes
(scrartcl)              for basic size `2.8mm' on input line 1171.

(/usr/share/texmf-texlive/tex/latex/koma-script/typearea.sty
Package: typearea 2009/07/24 v3.04a KOMA-Script package (type area)

Package typearea, 2009/07/24 v3.04a KOMA-Script package (type area)
                  Copyright (C) Frank Neukam, 1992-1994
                  Copyright (C) Markus Kohm, 1994-

\ta@bcor=\skip41
\ta@div=\count79
\ta@hblk=\skip42
\ta@vblk=\skip43
\ta@temp=\skip44

Package typearea Warning: DIV for 7.96677pt and used papersize
(typearea)                not defined!
(typearea)                Using DIV=1.

DIV calculation for typearea with good linewidth.
Package typearea Info: These are the values describing the layout:
(typearea)             DIV  = 24
(typearea)             BCOR = 0.0pt
(typearea)             \paperwidth      = 597.50793pt
(typearea)              \textwidth      = 522.81944pt
(typearea)              DIV departure   = 6%
(typearea)              \evensidemargin = -34.92575pt
(typearea)              \oddsidemargin  = -34.92575pt
(typearea)             \paperheight     = 845.04694pt
(typearea)              \textheight     = 744.09363pt
(typearea)              \topmargin      = -63.34995pt
(typearea)              \headheight     = 11.9501pt
(typearea)              \headsep        = 14.34013pt
(typearea)              \topskip        = 7.96677pt
(typearea)              \footskip       = 33.46031pt
(typearea)              \baselineskip   = 9.56009pt
(typearea)              on input line 1115.
)
\c@part=\count80
\c@section=\count81
\c@subsection=\count82
\c@subsubsection=\count83
\c@paragraph=\count84
\c@subparagraph=\count85
\abovecaptionskip=\skip45
\belowcaptionskip=\skip46
\c@pti@nb@sid@b@x=\box26
\c@figure=\count86
\c@table=\count87
\bibindent=\dimen102
)
Class scrartcl Info: You've told me to extend the font selection of the
(scrartcl)           element `sectioning' that is an alias of element
(scrartcl)           `disposition' on input line 2.
 (./mystyle.sty
Package: mystyle 
 (/usr/share/texmf-texlive/tex/latex/base/inputenc.sty
Package: inputenc 2008/03/30 v1.1d Input encoding file
\inpenc@prehook=\toks15
\inpenc@posthook=\toks16

(/usr/share/texmf-texlive/tex/latex/base/utf8.def
File: utf8.def 2008/04/05 v1.1m UTF-8 support for inputenc
Now handling font encoding OML ...
... no UTF-8 mapping file for font encoding OML
Now handling font encoding T1 ...
... processing UTF-8 mapping file for font encoding T1

(/usr/share/texmf-texlive/tex/latex/base/t1enc.dfu
File: t1enc.dfu 2008/04/05 v1.1m UTF-8 support for inputenc
   defining Unicode char U+00A1 (decimal 161)
   defining Unicode char U+00A3 (decimal 163)
   defining Unicode char U+00AB (decimal 171)
   defining Unicode char U+00BB (decimal 187)
   defining Unicode char U+00BF (decimal 191)
   defining Unicode char U+00C0 (decimal 192)
   defining Unicode char U+00C1 (decimal 193)
   defining Unicode char U+00C2 (decimal 194)
   defining Unicode char U+00C3 (decimal 195)
   defining Unicode char U+00C4 (decimal 196)
   defining Unicode char U+00C5 (decimal 197)
   defining Unicode char U+00C6 (decimal 198)
   defining Unicode char U+00C7 (decimal 199)
   defining Unicode char U+00C8 (decimal 200)
   defining Unicode char U+00C9 (decimal 201)
   defining Unicode char U+00CA (decimal 202)
   defining Unicode char U+00CB (decimal 203)
   defining Unicode char U+00CC (decimal 204)
   defining Unicode char U+00CD (decimal 205)
   defining Unicode char U+00CE (decimal 206)
   defining Unicode char U+00CF (decimal 207)
   defining Unicode char U+00D0 (decimal 208)
   defining Unicode char U+00D1 (decimal 209)
   defining Unicode char U+00D2 (decimal 210)
   defining Unicode char U+00D3 (decimal 211)
   defining Unicode char U+00D4 (decimal 212)
   defining Unicode char U+00D5 (decimal 213)
   defining Unicode char U+00D6 (decimal 214)
   defining Unicode char U+00D8 (decimal 216)
   defining Unicode char U+00D9 (decimal 217)
   defining Unicode char U+00DA (decimal 218)
   defining Unicode char U+00DB (decimal 219)
   defining Unicode char U+00DC (decimal 220)
   defining Unicode char U+00DD (decimal 221)
   defining Unicode char U+00DE (decimal 222)
   defining Unicode char U+00DF (decimal 223)
   defining Unicode char U+00E0 (decimal 224)
   defining Unicode char U+00E1 (decimal 225)
   defining Unicode char U+00E2 (decimal 226)
   defining Unicode char U+00E3 (decimal 227)
   defining Unicode char U+00E4 (decimal 228)
   defining Unicode char U+00E5 (decimal 229)
   defining Unicode char U+00E6 (decimal 230)
   defining Unicode char U+00E7 (decimal 231)
   defining Unicode char U+00E8 (decimal 232)
   defining Unicode char U+00E9 (decimal 233)
   defining Unicode char U+00EA (decimal 234)
   defining Unicode char U+00EB (decimal 235)
   defining Unicode char U+00EC (decimal 236)
   defining Unicode char U+00ED (decimal 237)
   defining Unicode char U+00EE (decimal 238)
   defining Unicode char U+00EF (decimal 239)
   defining Unicode char U+00F0 (decimal 240)
   defining Unicode char U+00F1 (decimal 241)
   defining Unicode char U+00F2 (decimal 242)
   defining Unicode char U+00F3 (decimal 243)
   defining Unicode char U+00F4 (decimal 244)
   defining Unicode char U+00F5 (decimal 245)
   defining Unicode char U+00F6 (decimal 246)
   defining Unicode char U+00F8 (decimal 248)
   defining Unicode char U+00F9 (decimal 249)
   defining Unicode char U+00FA (decimal 250)
   defining Unicode char U+00FB (decimal 251)
   defining Unicode char U+00FC (decimal 252)
   defining Unicode char U+00FD (decimal 253)
   defining Unicode char U+00FE (decimal 254)
   defining Unicode char U+00FF (decimal 255)
   defining Unicode char U+0102 (decimal 258)
   defining Unicode char U+0103 (decimal 259)
   defining Unicode char U+0104 (decimal 260)
   defining Unicode char U+0105 (decimal 261)
   defining Unicode char U+0106 (decimal 262)
   defining Unicode char U+0107 (decimal 263)
   defining Unicode char U+010C (decimal 268)
   defining Unicode char U+010D (decimal 269)
   defining Unicode char U+010E (decimal 270)
   defining Unicode char U+010F (decimal 271)
   defining Unicode char U+0110 (decimal 272)
   defining Unicode char U+0111 (decimal 273)
   defining Unicode char U+0118 (decimal 280)
   defining Unicode char U+0119 (decimal 281)
   defining Unicode char U+011A (decimal 282)
   defining Unicode char U+011B (decimal 283)
   defining Unicode char U+011E (decimal 286)
   defining Unicode char U+011F (decimal 287)
   defining Unicode char U+0130 (decimal 304)
   defining Unicode char U+0131 (decimal 305)
   defining Unicode char U+0132 (decimal 306)
   defining Unicode char U+0133 (decimal 307)
   defining Unicode char U+0139 (decimal 313)
   defining Unicode char U+013A (decimal 314)
   defining Unicode char U+013D (decimal 317)
   defining Unicode char U+013E (decimal 318)
   defining Unicode char U+0141 (decimal 321)
   defining Unicode char U+0142 (decimal 322)
   defining Unicode char U+0143 (decimal 323)
   defining Unicode char U+0144 (decimal 324)
   defining Unicode char U+0147 (decimal 327)
   defining Unicode char U+0148 (decimal 328)
   defining Unicode char U+014A (decimal 330)
   defining Unicode char U+014B (decimal 331)
   defining Unicode char U+0150 (decimal 336)
   defining Unicode char U+0151 (decimal 337)
   defining Unicode char U+0152 (decimal 338)
   defining Unicode char U+0153 (decimal 339)
   defining Unicode char U+0154 (decimal 340)
   defining Unicode char U+0155 (decimal 341)
   defining Unicode char U+0158 (decimal 344)
   defining Unicode char U+0159 (decimal 345)
   defining Unicode char U+015A (decimal 346)
   defining Unicode char U+015B (decimal 347)
   defining Unicode char U+015E (decimal 350)
   defining Unicode char U+015F (decimal 351)
   defining Unicode char U+0160 (decimal 352)
   defining Unicode char U+0161 (decimal 353)
   defining Unicode char U+0162 (decimal 354)
   defining Unicode char U+0163 (decimal 355)
   defining Unicode char U+0164 (decimal 356)
   defining Unicode char U+0165 (decimal 357)
   defining Unicode char U+016E (decimal 366)
   defining Unicode char U+016F (decimal 367)
   defining Unicode char U+0170 (decimal 368)
   defining Unicode char U+0171 (decimal 369)
   defining Unicode char U+0178 (decimal 376)
   defining Unicode char U+0179 (decimal 377)
   defining Unicode char U+017A (decimal 378)
   defining Unicode char U+017B (decimal 379)
   defining Unicode char U+017C (decimal 380)
   defining Unicode char U+017D (decimal 381)
   defining Unicode char U+017E (decimal 382)
   defining Unicode char U+200C (decimal 8204)
   defining Unicode char U+2013 (decimal 8211)
   defining Unicode char U+2014 (decimal 8212)
   defining Unicode char U+2018 (decimal 8216)
   defining Unicode char U+2019 (decimal 8217)
   defining Unicode char U+201A (decimal 8218)
   defining Unicode char U+201C (decimal 8220)
   defining Unicode char U+201D (decimal 8221)
   defining Unicode char U+201E (decimal 8222)
   defining Unicode char U+2030 (decimal 8240)
   defining Unicode char U+2031 (decimal 8241)
   defining Unicode char U+2039 (decimal 8249)
   defining Unicode char U+203A (decimal 8250)
   defining Unicode char U+2423 (decimal 9251)
)
Now handling font encoding OT1 ...
... processing UTF-8 mapping file for font encoding OT1

(/usr/share/texmf-texlive/tex/latex/base/ot1enc.dfu
File: ot1enc.dfu 2008/04/05 v1.1m UTF-8 support for inputenc
   defining Unicode char U+00A1 (decimal 161)
   defining Unicode char U+00A3 (decimal 163)
   defining Unicode char U+00B8 (decimal 184)
   defining Unicode char U+00BF (decimal 191)
   defining Unicode char U+00C5 (decimal 197)
   defining Unicode char U+00C6 (decimal 198)
   defining Unicode char U+00D8 (decimal 216)
   defining Unicode char U+00DF (decimal 223)
   defining Unicode char U+00E6 (decimal 230)
   defining Unicode char U+00EC (decimal 236)
   defining Unicode char U+00ED (decimal 237)
   defining Unicode char U+00EE (decimal 238)
   defining Unicode char U+00EF (decimal 239)
   defining Unicode char U+00F8 (decimal 248)
   defining Unicode char U+0131 (decimal 305)
   defining Unicode char U+0141 (decimal 321)
   defining Unicode char U+0142 (decimal 322)
   defining Unicode char U+0152 (decimal 338)
   defining Unicode char U+0153 (decimal 339)
   defining Unicode char U+2013 (decimal 8211)
   defining Unicode char U+2014 (decimal 8212)
   defining Unicode char U+2018 (decimal 8216)
   defining Unicode char U+2019 (decimal 8217)
   defining Unicode char U+201C (decimal 8220)
   defining Unicode char U+201D (decimal 8221)
)
Now handling font encoding OMS ...
... processing UTF-8 mapping file for font encoding OMS

(/usr/share/texmf-texlive/tex/latex/base/omsenc.dfu
File: omsenc.dfu 2008/04/05 v1.1m UTF-8 support for inputenc
   defining Unicode char U+00A7 (decimal 167)
   defining Unicode char U+00B6 (decimal 182)
   defining Unicode char U+00B7 (decimal 183)
   defining Unicode char U+2020 (decimal 8224)
   defining Unicode char U+2021 (decimal 8225)
   defining Unicode char U+2022 (decimal 8226)
)
Now handling font encoding OMX ...
... no UTF-8 mapping file for font encoding OMX
Now handling font encoding U ...
... no UTF-8 mapping file for font encoding U
   defining Unicode char U+00A9 (decimal 169)
   defining Unicode char U+00AA (decimal 170)
   defining Unicode char U+00AE (decimal 174)
   defining Unicode char U+00BA (decimal 186)
   defining Unicode char U+02C6 (decimal 710)
   defining Unicode char U+02DC (decimal 732)
   defining Unicode char U+200C (decimal 8204)
   defining Unicode char U+2026 (decimal 8230)
   defining Unicode char U+2122 (decimal 8482)
   defining Unicode char U+2423 (decimal 9251)
))
(/usr/share/texmf-texlive/tex/latex/amscls/amsthm.sty
Package: amsthm 2004/08/06 v2.20
\thm@style=\toks17
\thm@bodyfont=\toks18
\thm@headfont=\toks19
\thm@notefont=\toks20
\thm@headpunct=\toks21
\thm@preskip=\skip47
\thm@postskip=\skip48
\thm@headsep=\skip49
\dth@everypar=\toks22
)
(/usr/share/texmf-texlive/tex/latex/amsmath/amsmath.sty
Package: amsmath 2000/07/18 v2.13 AMS math features
\@mathmargin=\skip50

For additional information on amsmath, use the `?' option.
(/usr/share/texmf-texlive/tex/latex/amsmath/amstext.sty
Package: amstext 2000/06/29 v2.01

(/usr/share/texmf-texlive/tex/latex/amsmath/amsgen.sty
File: amsgen.sty 1999/11/30 v2.0
\@emptytoks=\toks23
\ex@=\dimen103
))
(/usr/share/texmf-texlive/tex/latex/amsmath/amsbsy.sty
Package: amsbsy 1999/11/29 v1.2d
\pmbraise@=\dimen104
)
(/usr/share/texmf-texlive/tex/latex/amsmath/amsopn.sty
Package: amsopn 1999/12/14 v2.01 operator names
)
\inf@bad=\count88
LaTeX Info: Redefining \frac on input line 211.
\uproot@=\count89
\leftroot@=\count90
LaTeX Info: Redefining \overline on input line 307.
\classnum@=\count91
\DOTSCASE@=\count92
LaTeX Info: Redefining \ldots on input line 379.
LaTeX Info: Redefining \dots on input line 382.
LaTeX Info: Redefining \cdots on input line 467.
\Mathstrutbox@=\box27
\strutbox@=\box28
\big@size=\dimen105
LaTeX Font Info:    Redeclaring font encoding OML on input line 567.
LaTeX Font Info:    Redeclaring font encoding OMS on input line 568.
\macc@depth=\count93
\c@MaxMatrixCols=\count94
\dotsspace@=\muskip10
\c@parentequation=\count95
\dspbrk@lvl=\count96
\tag@help=\toks24
\row@=\count97
\column@=\count98
\maxfields@=\count99
\andhelp@=\toks25
\eqnshift@=\dimen106
\alignsep@=\dimen107
\tagshift@=\dimen108
\tagwidth@=\dimen109
\totwidth@=\dimen110
\lineht@=\dimen111
\@envbody=\toks26
\multlinegap=\skip51
\multlinetaggap=\skip52
\mathdisplay@stack=\toks27
LaTeX Info: Redefining \[ on input line 2666.
LaTeX Info: Redefining \] on input line 2667.
)
(/usr/share/texmf-texlive/tex/latex/amsfonts/amsfonts.sty
Package: amsfonts 2009/06/22 v3.00 Basic AMSFonts support
\symAMSa=\mathgroup4
\symAMSb=\mathgroup5
LaTeX Font Info:    Overwriting math alphabet `\mathfrak' in version `bold'
(Font)                  U/euf/m/n --> U/euf/b/n on input line 96.
)
(/usr/share/texmf-texlive/tex/latex/graphics/color.sty
Package: color 2005/11/14 v1.0j Standard LaTeX Color (DPC)

(/etc/texmf/tex/latex/config/color.cfg
File: color.cfg 2007/01/18 v1.5 color configuration of teTeX/TeXLive
)
Package color Info: Driver file: pdftex.def on input line 130.

(/usr/share/texmf-texlive/tex/latex/pdftex-def/pdftex.def
File: pdftex.def 2010/03/12 v0.04p Graphics/color for pdfTeX
\Gread@gobject=\count100
))
(/usr/share/texmf-texlive/tex/latex/titlesec/titlesec.sty
Package: titlesec 2007/08/12 v2.8 Sectioning titles
\ttl@box=\box29
\beforetitleunit=\skip53
\aftertitleunit=\skip54
\ttl@plus=\dimen112
\ttl@minus=\dimen113
\ttl@toksa=\toks28
\titlewidth=\dimen114
\titlewidthlast=\dimen115
\titlewidthfirst=\dimen116
)
(/usr/share/texmf-texlive/tex/latex/version/version.sty
Package: version 2009/09/15  v 2.0
Package version Info: Excluding comment environments declared on input line 115
.
)
(/usr/share/texmf-texlive/tex/latex/amsfonts/amssymb.sty
Package: amssymb 2009/06/22 v3.00
)
(/usr/share/texmf-texlive/tex/latex/graphics/graphicx.sty
Package: graphicx 1999/02/16 v1.0f Enhanced LaTeX Graphics (DPC,SPQR)

(/usr/share/texmf-texlive/tex/latex/graphics/graphics.sty
Package: graphics 2009/02/05 v1.0o Standard LaTeX Graphics (DPC,SPQR)

(/usr/share/texmf-texlive/tex/latex/graphics/trig.sty
Package: trig 1999/03/16 v1.09 sin cos tan (DPC)
)
(/etc/texmf/tex/latex/config/graphics.cfg
File: graphics.cfg 2009/08/28 v1.8 graphics configuration of TeX Live
)
Package graphics Info: Driver file: pdftex.def on input line 91.
)
\Gin@req@height=\dimen117
\Gin@req@width=\dimen118
)
(/usr/share/texmf-texlive/tex/latex/tools/verbatim.sty
Package: verbatim 2003/08/22 v1.5q LaTeX2e package for verbatim enhancements
\every@verbatim=\toks29
\verbatim@line=\toks30
\verbatim@in@stream=\read1
)
(/usr/share/texmf-texlive/tex/latex/geometry/geometry.sty
Package: geometry 2008/12/21 v4.2 Page Geometry

(/usr/share/texmf-texlive/tex/generic/oberdiek/ifpdf.sty
Package: ifpdf 2009/04/10 v2.0 Provides the ifpdf switch (HO)
Package ifpdf Info: pdfTeX in pdf mode detected.
)
(/usr/share/texmf-texlive/tex/generic/oberdiek/ifvtex.sty
Package: ifvtex 2008/11/04 v1.4 Switches for detecting VTeX and its modes (HO)
Package ifvtex Info: VTeX not detected.
)
\Gm@cnth=\count101
\Gm@cntv=\count102
\c@Gm@tempcnt=\count103
\Gm@bindingoffset=\dimen119
\Gm@wd@mp=\dimen120
\Gm@odd@mp=\dimen121
\Gm@even@mp=\dimen122
\Gm@dimlist=\toks31
)
(/usr/share/texmf-texlive/tex/latex/listings/listings.sty
\lst@mode=\count104
\lst@gtempboxa=\box30
\lst@token=\toks32
\lst@length=\count105
\lst@currlwidth=\dimen123
\lst@column=\count106
\lst@pos=\count107
\lst@lostspace=\dimen124
\lst@width=\dimen125
\lst@newlines=\count108
\lst@lineno=\count109
\lst@maxwidth=\dimen126

(/usr/share/texmf-texlive/tex/latex/listings/lstmisc.sty
File: lstmisc.sty 2007/02/22 1.4 (Carsten Heinz)
\c@lstnumber=\count110
\lst@skipnumbers=\count111
\lst@framebox=\box31
)
(/usr/share/texmf-texlive/tex/latex/listings/listings.cfg
File: listings.cfg 2007/02/22 1.4 listings configuration
))
Package: listings 2007/02/22 1.4 (Carsten Heinz)

(/usr/share/texmf-texlive/tex/latex/listings/lstlang1.sty
File: lstlang1.sty 2004/09/05 1.3 listings language file
)
\c@T=\count112
\c@A=\count113
\c@C=\count114
\c@Le=\count115
\c@Pp=\count116
\c@D=\count117
\c@R=\count118
\c@PP=\count119

(/usr/share/texmf-texlive/tex/latex/paralist/paralist.sty
Package: paralist 2002/03/18 v2.3b Extended list environments (BS)
\pltopsep=\skip55
\plpartopsep=\skip56
\plitemsep=\skip57
\plparsep=\skip58
\pl@lab=\toks33
)) (./main.aux
(./DP.aux))
\openout1 = `main.aux'.

LaTeX Font Info:    Checking defaults for OML/cmm/m/it on input line 6.
LaTeX Font Info:    ... okay on input line 6.
LaTeX Font Info:    Checking defaults for T1/cmr/m/n on input line 6.
LaTeX Font Info:    ... okay on input line 6.
LaTeX Font Info:    Checking defaults for OT1/cmr/m/n on input line 6.
LaTeX Font Info:    ... okay on input line 6.
LaTeX Font Info:    Checking defaults for OMS/cmsy/m/n on input line 6.
LaTeX Font Info:    ... okay on input line 6.
LaTeX Font Info:    Checking defaults for OMX/cmex/m/n on input line 6.
LaTeX Font Info:    ... okay on input line 6.
LaTeX Font Info:    Checking defaults for U/cmr/m/n on input line 6.
LaTeX Font Info:    ... okay on input line 6.
 (/usr/share/texmf-texlive/tex/context/base/supp-pdf.mkii
[Loading MPS to PDF converter (version 2006.09.02).]
\scratchcounter=\count120
\scratchdimen=\dimen127
\scratchbox=\box32
\nofMPsegments=\count121
\nofMParguments=\count122
\everyMPshowfont=\toks34
\MPscratchCnt=\count123
\MPscratchDim=\dimen128
\MPnumerator=\count124
\everyMPtoPDFconversion=\toks35
)
*geometry auto-detecting driver*
*geometry detected driver: pdftex*
-------------------- Geometry parameters
paper: class default
landscape: --
twocolumn: true
twoside: --
asymmetric: --
h-parts: 36.135pt, 525.23795pt, 36.135pt
v-parts: 36.135pt, 772.77695pt, 36.135pt
hmarginratio: --
vmarginratio: --
lines: --
heightrounded: --
bindingoffset: 0.0pt
truedimen: --
includehead: --
includefoot: --
includemp: --
driver: pdftex
-------------------- Page layout dimensions and switches
\paperwidth  597.50793pt
\paperheight 845.04694pt
\textwidth  525.23795pt
\textheight 772.77695pt
\oddsidemargin  -36.135pt
\evensidemargin -36.135pt
\topmargin  -62.42523pt
\headheight 11.9501pt
\headsep    14.34013pt
\footskip   33.46031pt
\marginparwidth 24.89616pt
\marginparsep   12.8401pt
\columnsep  10.0pt
\skip\footins  7.17003pt plus 2.6553pt minus 4.7801pt
\hoffset 0.0pt
\voffset 0.0pt
\mag 1000
\@twocolumntrue 
(1in=72.27pt, 1cm=28.45pt)
-----------------------
\c@lstlisting=\count125
\openout2 = `DP.aux'.

(./DP.tex

LaTeX Font Warning: Font shape `OT1/cmr/m/n' in size <11.47215> not available
(Font)              size <10.95> substituted on input line 1.


LaTeX Font Warning: Font shape `OT1/cmr/bx/n' in size <11.47215> not available
(Font)              size <10.95> substituted on input line 1.

LaTeX Font Info:    Try loading font information for OMS+cmr on input line 7.
(/usr/share/texmf-texlive/tex/latex/base/omscmr.fd
File: omscmr.fd 1999/05/25 v2.5h Standard LaTeX font definitions
)
LaTeX Font Info:    Font shape `OMS/cmr/m/n' in size <7.96677> not available
(Font)              Font shape `OMS/cmsy/m/n' tried instead on input line 7.
LaTeX Font Info:    Calculating math sizes for size <7.96677> on input line 7.


LaTeX Font Warning: Font shape `OT1/cmr/m/n' in size <5.5767> not available
(Font)              size <6> substituted on input line 7.


LaTeX Font Warning: Font shape `OT1/cmr/m/n' in size <3.98338> not available
(Font)              size <5> substituted on input line 7.


LaTeX Font Warning: Font shape `OML/cmm/m/it' in size <5.5767> not available
(Font)              size <6> substituted on input line 7.


LaTeX Font Warning: Font shape `OML/cmm/m/it' in size <3.98338> not available
(Font)              size <5> substituted on input line 7.


LaTeX Font Warning: Font shape `OMS/cmsy/m/n' in size <5.5767> not available
(Font)              size <6> substituted on input line 7.


LaTeX Font Warning: Font shape `OMS/cmsy/m/n' in size <3.98338> not available
(Font)              size <5> substituted on input line 7.

LaTeX Font Info:    Try loading font information for U+msa on input line 7.
(/usr/share/texmf-texlive/tex/latex/amsfonts/umsa.fd
File: umsa.fd 2009/06/22 v3.00 AMS symbols A
)
LaTeX Font Info:    Try loading font information for U+msb on input line 7.

(/usr/share/texmf-texlive/tex/latex/amsfonts/umsb.fd
File: umsb.fd 2009/06/22 v3.00 AMS symbols B
) [1


{/var/lib/texmf/fonts/map/pdftex/updmap/pdftex.map}]
Underfull \hbox (badness 1231) in paragraph at lines 306--307
[][]\OT1/cmr/m/n/8 zip [x1, x2, ...xn] [y1, y2, ...,yn][] takes two lists and r
e-

\hbox(6.0+2.0)x240.61873, glue set 2.31177
.\hbox(3.6528+0.0)x0.0
..\glue 0.0
..\glue -12.75018
..\glue -4.25006
..\hbox(3.6528+0.0)x12.75018, glue set 8.50012fil
...\pdfcolorstack 0 push {0 g 0 G}
...\glue 0.0 plus 1.0fil minus 1.0fil
...\OMS/cmsy/m/n/8 ^^O
...\pdfcolorstack 0 pop
..\glue 4.25006
.\penalty 0
.\pdfcolorstack 0 push {0.5 0 1 rg 0.5 0 1 RG}
.\OT1/cmr/m/n/8 z
.\OT1/cmr/m/n/8 i
.etc.


Underfull \hbox (badness 1824) in paragraph at lines 306--307
\OT1/cmr/m/n/8 turns them paired up as tu-ples and as such would give

\hbox(5.55556+1.55556)x240.61873, glue set 2.63362
.\OT1/cmr/m/n/8 t
.\OT1/cmr/m/n/8 u
.\OT1/cmr/m/n/8 r
.\OT1/cmr/m/n/8 n
.\OT1/cmr/m/n/8 s
.etc.

[2]
Underfull \hbox (badness 10000) in paragraph at lines 365--370
\OT1/cmr/m/n/8 Haskell al-lows pro-gram-mers to de-fine their own types

\hbox(5.55556+1.55556)x257.61897, glue set 5.90938
.\OT1/cmr/m/n/8 H
.\OT1/cmr/m/n/8 a
.\OT1/cmr/m/n/8 s
.\OT1/cmr/m/n/8 k
.\kern-0.23611
.etc.


Underfull \hbox (badness 6188) in paragraph at lines 365--370
[]$\OML/cmm/m/it/8 dataTypeConstructor \OT1/cmr/m/n/8 = \OML/cmm/m/it/8 DataCon
structor\OT1/cmr/m/n/8 1\OMS/cmsy/m/n/8 j\OML/cmm/m/it/8 DataConstructor\OT1/cm
r/m/n/8 2$[].

\hbox(6.0+2.0)x257.61897, glue set 3.95819
.\pdfcolorstack 0 push {0.5 0 1 rg 0.5 0 1 RG}
.\mathon
.\OML/cmm/m/it/8 d
.\OML/cmm/m/it/8 a
.\OML/cmm/m/it/8 t
.etc.


Overfull \hbox (55.04349pt too wide) in paragraph at lines 413--415
[][]$\OML/cmm/m/it/8 dataTypeConstructor \OT1/cmr/m/n/8 = \OML/cmm/m/it/8 DataC
onstructorType\OT1/cmr/m/n/8 1\OML/cmm/m/it/8 Type\OT1/cmr/m/n/8 2\OMS/cmsy/m/n
/8 j\OML/cmm/m/it/8 DataCOnstructor\OT1/cmr/m/n/8 2\OML/cmm/m/it/8 Type\OT1/cmr
/m/n/8 2$[]

\hbox(6.0+2.0)x257.61897
.\hbox(0.0+0.0)x8.50012
.\pdfcolorstack 0 push {0.5 0 1 rg 0.5 0 1 RG}
.\mathon
.\OML/cmm/m/it/8 d
.\OML/cmm/m/it/8 a
.etc.

[3] [4]
Underfull \hbox (badness 10000) in paragraph at lines 920--926
\OT1/cmr/m/n/8 The first sim-ply uses paren-the-ses to de-limit the

\hbox(5.55556+1.55556)x257.61897, glue set 8.13852
.\OT1/cmr/m/n/8 T
.\OT1/cmr/m/n/8 h
.\OT1/cmr/m/n/8 e
.\glue 2.83337 plus 1.41669 minus 0.94446
.\OT1/cmr/m/n/8 ^^L (ligature fi)
.etc.


Underfull \hbox (badness 10000) in paragraph at lines 920--926
\OT1/cmr/m/n/8 pos- sible scope of the ++ op-er-a-tor. The sec-ond

\hbox(5.55556+1.55556)x257.61897, glue set 5.43697
.\OT1/cmr/m/n/8 p
.\kern0.23611
.\OT1/cmr/m/n/8 o
.\OT1/cmr/m/n/8 s
.\OT1/cmr/m/n/8 -
.etc.


Underfull \hbox (badness 10000) in paragraph at lines 920--926
\OT1/cmr/m/n/8 uses an-other op-er-a-tor, $\OML/cmm/m/it/8 ; whichhaslowerprior
itythan \OT1/cmr/m/n/8 +

\hbox(5.55556+1.55556)x257.61897, glue set 9.89401
.\OT1/cmr/m/n/8 u
.\OT1/cmr/m/n/8 s
.\OT1/cmr/m/n/8 e
.\OT1/cmr/m/n/8 s
.\glue 2.83337 plus 1.41669 minus 0.94446
.etc.


Overfull \hbox (6.16911pt too wide) in paragraph at lines 920--926
\OT1/cmr/m/n/8 +\OML/cmm/m/it/8 ; andthusbindslesstightly:Themainfunctioninvoke
donthelineisthus$\OT1/cmr/m/n/8 . 

\hbox(5.55556+1.55556)x257.61897
.\OT1/cmr/m/n/8 +
.\OML/cmm/m/it/8 ;
.\glue(\thinmuskip) 1.41669
.\OML/cmm/m/it/8 a
.\OML/cmm/m/it/8 n
.etc.

[5] [6] [7]) [8] (./main.aux (./DP.aux))

LaTeX Font Warning: Size substitutions with differences
(Font)              up to 1.01662pt have occurred.

 ) 
Here is how much of TeX's memory you used:
 5923 strings out of 495061
 77697 string characters out of 1182622
 269535 words of memory out of 3000000
 9019 multiletter control sequences out of 15000+50000
 9074 words of font info for 35 fonts, out of 3000000 for 9000
 28 hyphenation exceptions out of 8191
 38i,8n,42p,750b,1703s stack positions out of 5000i,500n,10000p,200000b,50000s
</usr/share/texmf-texlive/fonts/type1/public/amsfonts/cm/cmbx10.pfb></usr/sha
re/texmf-texlive/fonts/type1/public/amsfonts/cm/cmbx8.pfb></usr/share/texmf-tex
live/fonts/type1/public/amsfonts/cm/cmmi8.pfb></usr/share/texmf-texlive/fonts/t
ype1/public/amsfonts/cm/cmr6.pfb></usr/share/texmf-texlive/fonts/type1/public/a
msfonts/cm/cmr8.pfb></usr/share/texmf-texlive/fonts/type1/public/amsfonts/cm/cm
sy8.pfb></usr/share/texmf-texlive/fonts/type1/public/amsfonts/cm/cmtt8.pfb>
Output written on main.pdf (8 pages, 160469 bytes).
PDF statistics:
 57 PDF objects out of 1000 (max. 8388607)
 0 named destinations out of 1000 (max. 500000)
 1 words of extra memory for PDF output out of 10000 (max. 10000000)

